<?xml version="1.0" encoding="UTF-8"?>
<!-- Generated by org.testng.reporters.JUnitReportReporter -->
<testsuite skipped="0" hostname="DESKTOP-LR7I5H0" name="com.zoho.testscript.CreateCampaignModul" tests="1" failures="0" timestamp="2022-11-27T14:38:57 IST" time="7.606" errors="0">
  <testcase name="createCampaig" time="7.606" classname="com.zoho.testscript.CreateCampaignModul"/>
  <system-out>
    <![CDATA[Create Campaign]]>
  </system-out>
</testsuite> <!-- com.zoho.testscript.CreateCampaignModul -->
