<?xml version="1.0" encoding="UTF-8"?>
<!-- Generated by org.testng.reporters.JUnitReportReporter -->
<testsuite skipped="0" hostname="DESKTOP-LR7I5H0" name="com.zoho.testscript.LeadModule" tests="1" failures="0" timestamp="2022-11-27T14:38:57 IST" time="6.595" errors="0">
  <testcase name="testcreateLead" time="6.595" classname="com.zoho.testscript.LeadModule"/>
  <system-out>
    <![CDATA[Create lead]]>
  </system-out>
</testsuite> <!-- com.zoho.testscript.LeadModule -->
