<?xml version="1.0" encoding="UTF-8"?>
<!-- Generated by org.testng.reporters.JUnitReportReporter -->
<testsuite skipped="0" hostname="DESKTOP-LR7I5H0" name="com.actitime.testscript.ProjectModule" tests="1" failures="0" timestamp="2022-11-24T15:29:07 IST" time="17.691" errors="0">
  <testcase name="createProjectModule" time="17.691" classname="com.actitime.testscript.ProjectModule"/>
  <system-out>
    <![CDATA[Create Project Module]]>
  </system-out>
</testsuite> <!-- com.actitime.testscript.ProjectModule -->
