<?xml version="1.0" encoding="UTF-8"?>
<!-- Generated by org.testng.reporters.JUnitReportReporter -->
<testsuite skipped="0" hostname="DESKTOP-LR7I5H0" name="com.actitime.testscript.CustomerModule" tests="1" failures="0" timestamp="2022-11-24T15:28:21 IST" time="20.046" errors="0">
  <testcase name="createCustomerModule" time="20.046" classname="com.actitime.testscript.CustomerModule"/>
  <system-out>
    <![CDATA[Create Customer Module]]>
  </system-out>
</testsuite> <!-- com.actitime.testscript.CustomerModule -->
